# JRE version: Java(TM) SE Runtime Environment (8.0_181-b13) (build 1.8.0_181-b13)
# Java VM: Java HotSpot(TM) 64-Bit Server VM (25.181-b13 mixed mode windows-amd64 compressed oops)
Heap:
 par new generation   total 2090688K, used 1858809K [0x000000060a800000, 0x000000069c550000, 0x000000069c550000)
  eden space 1792064K,  96% used [0x000000060a800000, 0x0000000674629870, 0x0000000677e10000)
  from space 298624K,  41% used [0x0000000677e10000, 0x000000067f724d38, 0x000000068a1b0000)
  to   space 298624K,   0% used [0x000000068a1b0000, 0x000000068a1b0000, 0x000000069c550000)
 concurrent mark-sweep generation total 4778688K, used 4109035K [0x000000069c550000, 0x00000007c0000000, 0x00000007c0000000)
 Metaspace       used 313350K, capacity 323686K, committed 323968K, reserved 1320960K
  class space    used 50519K, capacity 53006K, committed 53120K, reserved 1048576K
GC Heap History (10 events):
Event: 591.659 GC heap before
{Heap before GC invocations=6117 (full 80):
 par new generation   total 38208K, used 5487K [0x000000060a800000, 0x000000060d2a0000, 0x000000069c550000)
  eden space 32768K,   0% used [0x000000060a800000, 0x000000060a80be60, 0x000000060c800000)
  from space 5440K, 100% used [0x000000060cd50000, 0x000000060d2a0000, 0x000000060d2a0000)
  to   space 5440K,   0% used [0x000000060c800000, 0x000000060c800000, 0x000000060cd50000)
 concurrent mark-sweep generation total 4778688K, used 4025645K [0x000000069c550000, 0x00000007c0000000, 0x00000007c0000000)
 Metaspace       used 308448K, capacity 318374K, committed 318592K, reserved 1314816K
  class space    used 50095K, capacity 52548K, committed 52608K, reserved 1048576K
Event: 591.709 GC heap after
Heap after GC invocations=6118 (full 80):
 par new generation   total 2090688K, used 0K [0x000000060a800000, 0x000000069c550000, 0x000000069c550000)
  eden space 1792064K,   0% used [0x000000060a800000, 0x000000060a800000, 0x0000000677e10000)
  from space 298624K,   0% used [0x0000000677e10000, 0x0000000677e10000, 0x000000068a1b0000)
  to   space 298624K,   0% used [0x000000068a1b0000, 0x000000068a1b0000, 0x000000069c550000)
 concurrent mark-sweep generation total 4778688K, used 4031383K [0x000000069c550000, 0x00000007c0000000, 0x00000007c0000000)
 Metaspace       used 308448K, capacity 318374K, committed 318592K, reserved 1314816K
  class space    used 50095K, capacity 52548K, committed 52608K, reserved 1048576K
}
Event: 596.619 GC heap before
{Heap before GC invocations=6118 (full 80):
 par new generation   total 2090688K, used 1792064K [0x000000060a800000, 0x000000069c550000, 0x000000069c550000)
  eden space 1792064K, 100% used [0x000000060a800000, 0x0000000677e10000, 0x0000000677e10000)
  from space 298624K,   0% used [0x0000000677e10000, 0x0000000677e10050, 0x000000068a1b0000)
  to   space 298624K,   0% used [0x000000068a1b0000, 0x000000068a1b0000, 0x000000069c550000)
 concurrent mark-sweep generation total 4778688K, used 4031383K [0x000000069c550000, 0x00000007c0000000, 0x00000007c0000000)
 Metaspace       used 308659K, capacity 318610K, committed 318848K, reserved 1314816K
  class space    used 50107K, capacity 52558K, committed 52608K, reserved 1048576K
Event: 596.677 GC heap after
Heap after GC invocations=6119 (full 80):
 par new generation   total 2090688K, used 101221K [0x000000060a800000, 0x000000069c550000, 0x000000069c550000)
  eden space 1792064K,   0% used [0x000000060a800000, 0x000000060a800000, 0x0000000677e10000)
  from space 298624K,  33% used [0x000000068a1b0000, 0x0000000690489780, 0x000000069c550000)
  to   space 298624K,   0% used [0x0000000677e10000, 0x0000000677e10000, 0x000000068a1b0000)
 concurrent mark-sweep generation total 4778688K, used 4031383K [0x000000069c550000, 0x00000007c0000000, 0x00000007c0000000)
 Metaspace       used 308659K, capacity 318610K, committed 318848K, reserved 1314816K
  class space    used 50107K, capacity 52558K, committed 52608K, reserved 1048576K
}
Event: 600.789 GC heap before
{Heap before GC invocations=6119 (full 80):
 par new generation   total 2090688K, used 1893285K [0x000000060a800000, 0x000000069c550000, 0x000000069c550000)
  eden space 1792064K, 100% used [0x000000060a800000, 0x0000000677e10000, 0x0000000677e10000)
  from space 298624K,  33% used [0x000000068a1b0000, 0x0000000690489780, 0x000000069c550000)
  to   space 298624K,   0% used [0x0000000677e10000, 0x0000000677e10000, 0x000000068a1b0000)
 concurrent mark-sweep generation total 4778688K, used 4020041K [0x000000069c550000, 0x00000007c0000000, 0x00000007c0000000)
 Metaspace       used 308823K, capacity 318832K, committed 319104K, reserved 1316864K
  class space    used 50115K, capacity 52561K, committed 52608K, reserved 1048576K
Event: 600.865 GC heap after
Heap after GC invocations=6120 (full 80):
 par new generation   total 2090688K, used 199820K [0x000000060a800000, 0x000000069c550000, 0x000000069c550000)
  eden space 1792064K,   0% used [0x000000060a800000, 0x000000060a800000, 0x0000000677e10000)
  from space 298624K,  66% used [0x0000000677e10000, 0x0000000684133388, 0x000000068a1b0000)
  to   space 298624K,   0% used [0x000000068a1b0000, 0x000000068a1b0000, 0x000000069c550000)
 concurrent mark-sweep generation total 4778688K, used 4020041K [0x000000069c550000, 0x00000007c0000000, 0x00000007c0000000)
 Metaspace       used 308823K, capacity 318832K, committed 319104K, reserved 1316864K
  class space    used 50115K, capacity 52561K, committed 52608K, reserved 1048576K
}
Event: 608.330 GC heap before
{Heap before GC invocations=6120 (full 80):
 par new generation   total 2090688K, used 1991884K [0x000000060a800000, 0x000000069c550000, 0x000000069c550000)
  eden space 1792064K, 100% used [0x000000060a800000, 0x0000000677e10000, 0x0000000677e10000)
  from space 298624K,  66% used [0x0000000677e10000, 0x00000006841333c8, 0x000000068a1b0000)
  to   space 298624K,   0% used [0x000000068a1b0000, 0x000000068a1b0000, 0x000000069c550000)
 concurrent mark-sweep generation total 4778688K, used 4011834K [0x000000069c550000, 0x00000007c0000000, 0x00000007c0000000)
 Metaspace       used 309956K, capacity 320036K, committed 320256K, reserved 1316864K
  class space    used 50240K, capacity 52679K, committed 52736K, reserved 1048576K
Event: 608.406 GC heap after
Heap after GC invocations=6121 (full 80):
 par new generation   total 2090688K, used 257744K [0x000000060a800000, 0x000000069c550000, 0x000000069c550000)
  eden space 1792064K,   0% used [0x000000060a800000, 0x000000060a800000, 0x0000000677e10000)
  from space 298624K,  86% used [0x000000068a1b0000, 0x0000000699d640f8, 0x000000069c550000)
  to   space 298624K,   0% used [0x0000000677e10000, 0x0000000677e10000, 0x000000068a1b0000)
 concurrent mark-sweep generation total 4778688K, used 4019796K [0x000000069c550000, 0x00000007c0000000, 0x00000007c0000000)
 Metaspace       used 309956K, capacity 320036K, committed 320256K, reserved 1316864K
  class space    used 50240K, capacity 52679K, committed 52736K, reserved 1048576K
}
Event: 608.406 GC heap before
{Heap before GC invocations=6121 (full 80):
 par new generation   total 2090688K, used 263052K [0x000000060a800000, 0x000000069c550000, 0x000000069c550000)
  eden space 1792064K,   0% used [0x000000060a800000, 0x000000060ad2f090, 0x0000000677e10000)
  from space 298624K,  86% used [0x000000068a1b0000, 0x0000000699d640f8, 0x000000069c550000)
  to   space 298624K,   0% used [0x0000000677e10000, 0x0000000677e10000, 0x000000068a1b0000)
 concurrent mark-sweep generation total 4778688K, used 4019796K [0x000000069c550000, 0x00000007c0000000, 0x00000007c0000000)
 Metaspace       used 309956K, capacity 320036K, committed 320256K, reserved 1316864K
  class space    used 50240K, capacity 52679K, committed 52736K, reserved 1048576K
Event: 608.447 GC heap after
Heap after GC invocations=6122 (full 80):
 par new generation   total 2090688K, used 123987K [0x000000060a800000, 0x000000069c550000, 0x000000069c550000)
  eden space 1792064K,   0% used [0x000000060a800000, 0x000000060a800000, 0x0000000677e10000)
  from space 298624K,  41% used [0x0000000677e10000, 0x000000067f724d38, 0x000000068a1b0000)
  to   space 298624K,   0% used [0x000000068a1b0000, 0x000000068a1b0000, 0x000000069c550000)
 concurrent mark-sweep generation total 4778688K, used 4109035K [0x000000069c550000, 0x00000007c0000000, 0x00000007c0000000)
 Metaspace       used 309956K, capacity 320036K, committed 320256K, reserved 1316864K
  class space    used 50240K, capacity 52679K, committed 52736K, reserved 1048576K
}

